<?xml version="1.0" encoding="UTF-8"?>
<!-- Generated by org.testng.reporters.JUnitReportReporter -->
<testsuite hostname="GGKU5HP2158" failures="0" tests="2" name="testcases.LoginTest" time="68.697" errors="0" timestamp="29 Nov 2023 12:50:37 GMT" skipped="0">
  <testcase classname="testcases.LoginTest" name="LoginSuccessTest" time="28.923"/>
  <testcase classname="testcases.LoginTest" name="LoginFailiureTest" time="39.774"/>
</testsuite> <!-- testcases.LoginTest -->
