<?xml version="1.0" encoding="UTF-8"?>
<!-- Generated by org.testng.reporters.JUnitReportReporter -->
<testsuite hostname="GGKU5HP2158" failures="0" tests="1" name="testcases.LoginClass" time="7.071" errors="0" timestamp="2023-12-27T17:00:29 IST" skipped="0">
  <testcase classname="testcases.LoginClass" name="AddToCart" time="7.071"/>
</testsuite> <!-- testcases.LoginClass -->
