<?xml version="1.0" encoding="UTF-8"?>
<!-- Generated by org.testng.reporters.JUnitReportReporter -->
<testsuite hostname="GGKU5HP2158" failures="0" tests="2" name="testng.LoanTest" time="0.003" errors="0" timestamp="20 Nov 2023 04:29:21 GMT" skipped="1">
  <testcase classname="testng.LoanTest" name="TC00_PersonalLoanTest" time="0.003"/>
  <testcase classname="testng.LoanTest" name="TC02_CarLoanTest">
    <skipped/>
  </testcase> <!-- TC02_CarLoanTest -->
</testsuite> <!-- testng.LoanTest -->
