<?xml version="1.0" encoding="UTF-8"?>
<!-- Generated by org.testng.reporters.JUnitReportReporter -->
<testsuite hostname="GGKU5HP2158" failures="0" tests="1" name="testng.CardTest" time="0.027" errors="0" timestamp="20 Nov 2023 04:29:21 GMT" skipped="0">
  <testcase classname="testng.CardTest" name="TC00_CreditCardTest" time="0.027"/>
</testsuite> <!-- testng.CardTest -->
